<?xml version="1.0" encoding="UTF-8"?>
<!-- Generated by org.testng.reporters.JUnitReportReporter -->
<testsuite hostname="USER-20180817CM" name="com.sundaniu.Testcases.SeleniumLoginTest" tests="1" failures="0" timestamp="3 Jan 2019 15:25:30 GMT" time="2.812" errors="0">
  <testcase name="testLogin" time="2.812" classname="com.sundaniu.Testcases.SeleniumLoginTest"/>
</testsuite> <!-- com.sundaniu.Testcases.SeleniumLoginTest -->
