<?xml version="1.0" encoding="UTF-8"?>
<!-- Generated by org.testng.reporters.JUnitReportReporter -->
<testsuite hostname="USER-20180817CM" name="com.sundaniu.Testcases.SeleniumTest" tests="1" failures="0" timestamp="1 Jan 2019 14:52:30 GMT" time="0.372" errors="0">
  <testcase name="testLogin" time="0.372" classname="com.sundaniu.Testcases.SeleniumTest"/>
</testsuite> <!-- com.sundaniu.Testcases.SeleniumTest -->
